add_property ams requirement_certification0 false
add_property apc requirement_certification0 false
add_property aphelion allowed false
add_property aphelion_flight allowed false
add_property aphelion_gunner allowed false
add_property aurora requirement_certification0 false
add_property battlewagon requirement_certification0 false
add_property colossus allowed false
add_property colossus_flight allowed false
add_property colossus_gunner allowed false
add_property delivererv requirement_certification0 false
add_property dropship allowed false
add_property flail requirement_certification0 false
add_property fury requirement_certification0 false
add_property galaxy_gunship allowed false
add_property liberator allowed false
add_property lightgunship allowed false
add_property lightning requirement_certification0 false
add_property lodestar allowed false
add_property magrider purchase_tech_plant false
add_property magrider requirement_certification0 false
add_property mediumtransport requirement_certification0 false
add_property mosquito allowed false
add_property nano_dispenser requirement_certification0 false
add_property nchev_antiaircraft allowed false
add_property order_terminal forsale_nchev_antiaircraft false
add_property order_terminal forsale_trhev_antiaircraft false
add_property order_terminal forsale_vshev_antiaircraft false
add_property peregrine allowed false
add_property peregrine_flight allowed false
add_property peregrine_gunner allowed false
add_property phantasm allowed false
add_property prowler purchase_tech_plant false
add_property prowler requirement_certification0 false
add_property quadassault requirement_certification0 false
add_property quadstealth requirement_certification0 false
add_property skyguard requirement_certification0 false
add_property skyguard requirement_certification1 false
add_property threemanheavybuggy requirement_certification0 false
add_property threemanheavybuggy requirement_certification1 false
add_property thunderer requirement_certification0 false
add_property trhev_antiaircraft allowed false
add_property two_man_assault_buggy requirement_certification0 false
add_property two_man_assault_buggy requirement_certification1 false
add_property two_man_assault_buggy requirement_certification2 false
add_property twomanheavybuggy requirement_certification0 false
add_property twomanheavybuggy requirement_certification1 false
add_property twomanhoverbuggy requirement_certification0 false
add_property twomanhoverbuggy requirement_certification1 false
add_property vanguard purchase_tech_plant false
add_property vanguard requirement_certification0 false
add_property vshev_antiaircraft allowed false
add_property vulture allowed false
add_property wasp allowed false
