add_property ace requirement_certification0 standard_assault
add_property ace_deployable requirement_certification0 standard_assault
add_property advanced_ace firemode0_requirement_certification0 standard_assault
add_property advanced_ace firemode0_requirement_certification1 standard_assault
add_property advanced_ace firemode1_requirement_certification0 standard_assault
add_property advanced_ace firemode1_requirement_certification1 standard_assault
add_property advanced_ace firemode2_requirement_certification0 standard_assault
add_property advanced_ace firemode2_requirement_certification1 standard_assault
add_property advanced_ace requirement_certification0 standard_assault
add_property advanced_ace requirement_certification1 standard_assault
add_property advanced_ace requirement_certification2 standard_assault
add_property air_vehicle_terminal forsale_dropship
add_property air_vehicle_terminal forsale_galaxy_gunship
add_property air_vehicle_terminal forsale_lodestar
add_property ams requirement_certification0 vehicles
add_property anniversary_gun requirement_certification0 standard_assault
add_property ant requirement_certification0 vehicles
add_property apc requirement_certification0 vehicles
add_property aphelion_flight requirement_award0 false
add_property aphelion_laser requirement_certification0 vehicles
add_property aphelion_starfire requirement_certification0 vehicles
add_property applicator requirement_certification0 standard_assault
add_property aurora requirement_certification0 vehicles
add_property bank requirement_certification0 standard_assault
add_property beamer requirement_certification0 standard_assault
add_property bfr_terminal requirement_certification0 vehicles
add_property bolt_driver requirement_certification0 standard_assault
add_property boomer_trigger requirement_certification0 standard_assault
add_property colossus_burster requirement_certification0 vehicles
add_property colossus_chaingun requirement_certification0 vehicles
add_property colossus_flight requirement_award0 false
add_property cycler requirement_certification0 standard_assault
add_property cycler_v2 requirement_certification0 standard_assault
add_property cycler_v3 requirement_certification0 standard_assault
add_property cycler_v4 requirement_certification0 standard_assault
add_property delivererv requirement_certification0 vehicles
add_property dropship requirement_certification0 vehicles
add_property flail requirement_certification0 vehicles
add_property flamethrower requirement_certification0 standard_assault
add_property flechette requirement_certification0 standard_assault
add_property fury requirement_certification0 vehicles
add_property galaxy_gunship requirement_certification0 vehicles
add_property gauss requirement_certification0 standard_assault
add_property generic_bfr requirement_certification0 vehicles
add_property heavy_sniper requirement_certification0 standard_assault
add_property hunterseeker requirement_certification0 standard_assault
add_property ilc9 requirement_certification0 standard_assault
add_property isp requirement_certification0 standard_assault
add_property katana requirement_award0 false
add_property lancer requirement_certification0 standard_assault
add_property lasher requirement_certification0 standard_assault
add_property liberator requirement_certification0 vehicles
add_property lightgunship requirement_certification0 vehicles
add_property lightning requirement_certification0 vehicles
add_property lite_armor requirement_certification0 standard_assault
add_property lodestar requirement_certification0 vehicles
add_property maelstrom requirement_certification0 standard_assault
add_property magrider requirement_certification0 vehicles
add_property med_armor requirement_certification0 standard_assault
add_property mediumtransport requirement_certification0 vehicles
add_property mini_chaingun requirement_certification0 standard_assault
add_property mosquito requirement_certification0 vehicles
add_property mosquito requirement_certification1 vehicles
add_property nano_dispenser requirement_certification0 standard_assault
add_property nchev_antiaircraft requirement_certification0 standard_assault
add_property nchev_antiaircraft requirement_certification1 standard_assault
add_property nchev_antipersonnel requirement_certification0 standard_assault
add_property nchev_antipersonnel requirement_certification1 standard_assault
add_property nchev_antivehicular requirement_certification0 standard_assault
add_property nchev_antivehicular requirement_certification1 standard_assault
add_property oicw requirement_certification0 standard_assault
add_property pellet_gun requirement_certification0 standard_assault
add_property peregrine_flight requirement_award0 false
add_property peregrine_mechhammer requirement_certification0 vehicles
add_property peregrine_sparrow requirement_certification0 vehicles
add_property phantasm requirement_certification0 vehicles
add_property phoenix requirement_certification0 standard_assault
add_property prowler requirement_certification0 vehicles
add_property pulsar requirement_certification0 standard_assault
add_property punisher requirement_certification0 standard_assault
add_property quadassault requirement_certification0 vehicles
add_property quadstealth requirement_certification0 vehicles
add_property r_shotgun requirement_certification0 standard_assault
add_property radiator requirement_certification0 standard_assault
add_property repeater requirement_certification0 standard_assault
add_property rocklet requirement_certification0 standard_assault
add_property router requirement_certification0 vehicles
add_property six_shooter requirement_certification0 standard_assault
add_property skyguard requirement_certification0 vehicles
add_property skyguard requirement_certification1 vehicles
add_property spiker requirement_certification0 standard_assault
add_property standard_issue_armor requirement_certification0 standard_assault
add_property stealth_armor requirement_certification0 standard_assault
add_property striker requirement_certification0 standard_assault
add_property super_armorkit requirement_award0 false
add_property super_medkit requirement_award0 false
add_property suppressor requirement_certification0 standard_assault
add_property switchblade requirement_certification0 vehicles
add_property threemanheavybuggy requirement_certification0 vehicles
add_property threemanheavybuggy requirement_certification1 vehicles
add_property thumper requirement_certification0 standard_assault
add_property thunderer requirement_certification0 vehicles
add_property trek requirement_certification0 standard_assault
add_property trek requirement_certification1 standard_assault
add_property trhev_antiaircraft requirement_certification0 standard_assault
add_property trhev_antiaircraft requirement_certification1 standard_assault
add_property trhev_antipersonnel requirement_certification0 standard_assault
add_property trhev_antipersonnel requirement_certification1 standard_assault
add_property trhev_antivehicular requirement_certification0 standard_assault
add_property trhev_antivehicular requirement_certification1 standard_assault
add_property two_man_assault_buggy requirement_certification0 vehicles
add_property two_man_assault_buggy requirement_certification1 vehicles
add_property two_man_assault_buggy requirement_certification2 vehicles
add_property twomanheavybuggy requirement_certification0 vehicles
add_property twomanheavybuggy requirement_certification1 vehicles
add_property twomanhoverbuggy requirement_certification0 vehicles
add_property twomanhoverbuggy requirement_certification1 vehicles
add_property twomanhoverbuggy_destroyed requirement_certification0 vehicles
add_property vanguard requirement_certification0 vehicles
add_property vehicle_terminal_combined forsale_dropship
add_property vehicle_terminal_combined forsale_galaxy_gunship
add_property vehicle_terminal_combined forsale_lodestar
add_property vshev_antiaircraft requirement_certification0 standard_assault
add_property vshev_antiaircraft requirement_certification1 standard_assault
add_property vshev_antipersonnel requirement_certification0 standard_assault
add_property vshev_antipersonnel requirement_certification1 standard_assault
add_property vshev_antivehicular requirement_certification0 standard_assault
add_property vshev_antivehicular requirement_certification1 standard_assault
add_property vulture requirement_award0 false
add_property vulture requirement_certification0 vehicles
add_property wasp requirement_certification0 vehicles
add_property wasp requirement_certification1 vehicles
add_property winchester requirement_certification0 standard_assault
add_property galaxy_gunship allowed true
add_property dynomite allowed true
add_property pellet_gun allowed true
add_property pellet_gun_ammo allowed true
add_property six_shooter allowed true
add_property six_shooter_ammo allowed true
add_property super_armorkit allowed true
add_property super_medkit allowed true
add_property super_staminakit allowed true
add_property winchester allowed true
add_property winchester_ammo allowed true
add_property order_terminal forsale_dynomite ordertype_weapon
add_property order_terminal forsale_pellet_gun ordertype_weapon
add_property order_terminal forsale_pellet_gun_ammo
add_property order_terminal forsale_six_shooter ordertype_weapon
add_property order_terminal forsale_six_shooter_ammo
add_property order_terminal forsale_winchester ordertype_weapon
add_property order_terminal forsale_winchester_ammo
add_property portable_order_terminal forsale_dynomite ordertype_weapon
add_property portable_order_terminal forsale_pellet_gun ordertype_weapon
add_property portable_order_terminal forsale_pellet_gun_ammo
add_property portable_order_terminal forsale_six_shooter ordertype_weapon
add_property portable_order_terminal forsale_six_shooter_ammo
add_property portable_order_terminal forsale_winchester ordertype_weapon
add_property portable_order_terminal forsale_winchester_ammo
add_property bullet_105mm purchase_empire all
add_property bullet_150mm purchase_empire all
add_property bullet_15mm purchase_empire all
add_property anniversary_gun purchase_empire all
add_property anniversary_guna purchase_empire all
add_property anniversary_gunb purchase_empire all
add_property apc_nc purchase_empire all
add_property apc_tr purchase_empire all
add_property apc_vs purchase_empire all
add_property aphelion purchase_empire all
add_property aphelion_flight purchase_empire all
add_property aphelion_gunner purchase_empire all
add_property aphelion_armor_siphon purchase_empire all
add_property aphelion_immolation_cannon purchase_empire all
add_property aphelion_immolation_cannon_ammo purchase_empire all
add_property aphelion_laser purchase_empire all
add_property aphelion_laser_ammo purchase_empire all
add_property aphelion_ntu_siphon purchase_empire all
add_property aphelion_plasma_rocket_ammo purchase_empire all
add_property aphelion_plasma_rocket_pod purchase_empire all
add_property aphelion_ppa purchase_empire all
add_property aphelion_ppa_ammo purchase_empire all
add_property aphelion_starfire purchase_empire all
add_property aphelion_starfire_ammo purchase_empire all
add_property aurora purchase_empire all
add_property battlewagon purchase_empire all
add_property beamer purchase_empire all
add_property burster_ammo purchase_empire all
add_property colossus purchase_empire all
add_property colossus_flight purchase_empire all
add_property colossus_gunner purchase_empire all
add_property colossus_100mm_cannon_ammo purchase_empire all
add_property colossus_armor_siphon purchase_empire all
add_property colossus_burster purchase_empire all
add_property colossus_burster_ammo purchase_empire all
add_property colossus_chaingun purchase_empire all
add_property colossus_chaingun_ammo purchase_empire all
add_property colossus_cluster_bomb_ammo purchase_empire all
add_property colossus_cluster_bomb_pod purchase_empire all
add_property colossus_dual_100mm_cannons purchase_empire all
add_property colossus_ntu_siphon purchase_empire all
add_property colossus_tank_cannon purchase_empire all
add_property colossus_tank_cannon_ammo purchase_empire all
add_property comet_ammo purchase_empire all
add_property cycler purchase_empire all
add_property cycler_v2 purchase_empire all
add_property cycler_v3 purchase_empire all
add_property cycler_v4 purchase_empire all
add_property dualcycler_ammo purchase_empire all
add_property energy_cell purchase_empire all
add_property falcon_ammo purchase_empire all
add_property firebird_missile purchase_empire all
add_property flux_cannon_thresher_battery purchase_empire all
add_property fluxpod_ammo purchase_empire all
add_property gauss purchase_empire all
add_property gauss_cannon_ammo purchase_empire all
add_property heavy_rail_beam_battery purchase_empire all
add_property hunter_seeker_missile purchase_empire all
add_property hunterseeker purchase_empire all
add_property isp purchase_empire all
add_property lancer purchase_empire all
add_property lancer_cartridge purchase_empire all
add_property lasher purchase_empire all
add_property magrider purchase_empire all
add_property mini_chaingun purchase_empire all
add_property peregrine purchase_empire all
add_property peregrine_flight purchase_empire all
add_property peregrine_gunner purchase_empire all
add_property peregrine_armor_siphon purchase_empire all
add_property peregrine_dual_machine_gun purchase_empire all
add_property peregrine_dual_machine_gun_ammo purchase_empire all
add_property peregrine_dual_rocket_pods purchase_empire all
add_property peregrine_mechhammer purchase_empire all
add_property peregrine_mechhammer_ammo purchase_empire all
add_property peregrine_ntu_siphon purchase_empire all
add_property peregrine_particle_cannon purchase_empire all
add_property peregrine_particle_cannon_ammo purchase_empire all
add_property peregrine_rocket_pod_ammo purchase_empire all
add_property peregrine_sparrow purchase_empire all
add_property peregrine_sparrow_ammo purchase_empire all
add_property phoenix_missile purchase_empire all
add_property pounder_ammo purchase_empire all
add_property prowler purchase_empire all
add_property pulsar purchase_empire all
add_property pulse_battery purchase_empire all
add_property quasar_ammo purchase_empire all
add_property r_shotgun purchase_empire all
add_property repeater purchase_empire all
add_property scattercannon_ammo purchase_empire all
add_property sparrow_ammo purchase_empire all
add_property starfire_ammo purchase_empire all
add_property striker purchase_empire all
add_property striker_missile_ammo purchase_empire all
add_property threemanheavybuggy purchase_empire all
add_property thunderer purchase_empire all
add_property twomanheavybuggy purchase_empire all
add_property twomanhoverbuggy purchase_empire all
add_property vanguard purchase_empire all
